2025-01-08 19:57:38,845 - ERROR - generate_IRN - Line: 218 - Error genarting IRN: ['EInvoice.BuyerDtls.Addr1 : Buyer Address 1 Details are mandatory with minimum length 1 and maximum length as 100. Please correct the buyer address 1 and try again.', 'EInvoice.BuyerDtls.Loc : Buyer Location Details are mandatory with minimum length 3 and maximum length as 100. Please correct the buyer location and try again.', 'EInvoice.BuyerDtls.Pin : Buyer Pin Code is mandatory and must be a six digit valid pin code. Please correct the pin code and try again.', 'EInvoice.DocDtls.Dt : IRN cannot be generated for future dates.', "buyerDetails.gstin : Gstin Status is PROVISION. Status of buyer GSTIN '27AMBPG9629G1ZY' is PROVISION. GSTIN should be ACTIVE or SUSPENDED for IRN generation. Please contact our support team or KAM if the status was update recently in the last few hours "]
2025-01-08 19:59:48,753 - ERROR - generate_IRN - Line: 218 - Error genarting IRN: ['Invalid buyer GSTIN - 29AAGCH5300R1Z5.']
2025-01-08 20:01:13,294 - ERROR - generate_IRN - Line: 218 - Error genarting IRN: ['Invalid buyer GSTIN - 05BVAPB6553K1ZP.']
2025-01-08 20:02:00,792 - ERROR - generate_IRN - Line: 218 - Error genarting IRN: ['Invalid buyer GSTIN - 19AAJCB5489L1ZV.']
2025-01-08 20:03:09,215 - ERROR - generate_IRN - Line: 218 - Error genarting IRN: ['Invalid buyer GSTIN - 08LJSPK9861P1ZN.']
2025-01-08 20:03:55,955 - ERROR - generate_IRN - Line: 218 - Error genarting IRN: ['Invalid buyer GSTIN - 06AEKPP9788E3ZR.']
2025-01-08 20:04:56,985 - ERROR - generate_IRN - Line: 218 - Error genarting IRN: ["buyerDetails.gstin : Gstin Status is CANCELLED. Status of buyer GSTIN '09AAHCM7012N1Z4' is CANCELLED. GSTIN should be ACTIVE or SUSPENDED for IRN generation. Please contact our support team or KAM if the status was update recently in the last few hours "]
2025-01-08 20:05:57,888 - ERROR - generate_IRN - Line: 218 - Error genarting IRN: ["buyerDetails.gstin : Gstin Status is CANCELLED. Status of buyer GSTIN '09AAACO8086D1ZA' is CANCELLED. GSTIN should be ACTIVE or SUSPENDED for IRN generation. Please contact our support team or KAM if the status was update recently in the last few hours "]
2025-01-08 20:06:17,151 - ERROR - generate_IRN - Line: 218 - Error genarting IRN: ['Invalid buyer GSTIN - 08AJUPH4407M1ZP.']
2025-01-08 20:06:22,828 - ERROR - generate_IRN - Line: 218 - Error genarting IRN: ['Invalid buyer GSTIN - 08CCVPS5235A2ZA.']
2025-01-08 20:06:28,487 - ERROR - generate_IRN - Line: 218 - Error genarting IRN: ["buyerDetails.gstin : Gstin Status is CANCELLED. Status of buyer GSTIN '07BANPS3492Q5ZI' is CANCELLED. GSTIN should be ACTIVE or SUSPENDED for IRN generation. Please contact our support team or KAM if the status was update recently in the last few hours "]
2025-01-08 20:09:39,178 - ERROR - generate_IRN - Line: 218 - Error genarting IRN: ['Invalid buyer GSTIN - 24AABCT7319K5Z3.']
2025-01-08 20:11:21,432 - ERROR - generate_IRN - Line: 218 - Error genarting IRN: ['Invalid buyer GSTIN - 32AEYPA2335L1ZF.']
2025-01-08 20:11:33,918 - ERROR - generate_IRN - Line: 218 - Error genarting IRN: ['EInvoice.BuyerDtls.Addr1 : Buyer Address 1 Details are mandatory with minimum length 1 and maximum length as 100. Please correct the buyer address 1 and try again.', 'EInvoice.BuyerDtls.Pin : Buyer Pin Code is mandatory and must be a six digit valid pin code. Please correct the pin code and try again.', 'EInvoice.BuyerDtls.Loc : Buyer Location Details are mandatory with minimum length 3 and maximum length as 100. Please correct the buyer location and try again.', "buyerDetails.gstin : Gstin Status is PROVISION. Status of buyer GSTIN '27AMBPG9629G1ZY' is PROVISION. GSTIN should be ACTIVE or SUSPENDED for IRN generation. Please contact our support team or KAM if the status was update recently in the last few hours "]
2025-01-08 20:12:15,888 - ERROR - generate_IRN - Line: 218 - Error genarting IRN: ["buyerDetails.gstin : Gstin Status is CANCELLED. Status of buyer GSTIN '08AAECM2399D1ZE' is CANCELLED. GSTIN should be ACTIVE or SUSPENDED for IRN generation. Please contact our support team or KAM if the status was update recently in the last few hours "]
2025-01-08 20:15:59,446 - ERROR - generate_IRN - Line: 218 - Error genarting IRN: ['Invalid buyer GSTIN - 09ACDPO5733B1ZS.']
2025-01-08 20:16:20,657 - ERROR - generate_IRN - Line: 218 - Error genarting IRN: ['Invalid buyer GSTIN - 23ADUPT9554D2ZY.']
2025-01-08 20:21:44,971 - ERROR - generate_IRN - Line: 218 - Error genarting IRN: ['Invalid buyer GSTIN - 02AEUFS2018A1ZG.']
2025-01-08 20:22:27,783 - ERROR - generate_IRN - Line: 218 - Error genarting IRN: ['Invalid buyer GSTIN - 05ABACS1637B1ZX.']
2025-01-08 20:22:47,729 - ERROR - generate_IRN - Line: 218 - Error genarting IRN: ['Invalid buyer GSTIN - 29AAGCH5300R1Z5.']
2025-01-08 20:24:10,281 - ERROR - generate_IRN - Line: 218 - Error genarting IRN: ['Invalid buyer GSTIN - 05BVAPB6553K1ZP.']
2025-01-08 20:24:57,474 - ERROR - generate_IRN - Line: 218 - Error genarting IRN: ['Invalid buyer GSTIN - 19AAJCB5489L1ZV.']
2025-01-08 20:26:06,605 - ERROR - generate_IRN - Line: 218 - Error genarting IRN: ['Invalid buyer GSTIN - 08LJSPK9861P1ZN.']
2025-01-08 20:26:54,043 - ERROR - generate_IRN - Line: 218 - Error genarting IRN: ['Invalid buyer GSTIN - 06AEKPP9788E3ZR.']
2025-01-08 20:27:55,810 - ERROR - generate_IRN - Line: 218 - Error genarting IRN: ["buyerDetails.gstin : Gstin Status is CANCELLED. Status of buyer GSTIN '09AAHCM7012N1Z4' is CANCELLED. GSTIN should be ACTIVE or SUSPENDED for IRN generation. Please contact our support team or KAM if the status was update recently in the last few hours "]
2025-01-08 20:28:56,555 - ERROR - generate_IRN - Line: 218 - Error genarting IRN: ["buyerDetails.gstin : Gstin Status is CANCELLED. Status of buyer GSTIN '09AAACO8086D1ZA' is CANCELLED. GSTIN should be ACTIVE or SUSPENDED for IRN generation. Please contact our support team or KAM if the status was update recently in the last few hours "]
2025-01-08 20:29:43,712 - ERROR - generate_IRN - Line: 218 - Error genarting IRN: ['Invalid buyer GSTIN - 29AAGCH5300R1Z5.']
